 Total radius (Rsun)=   1.5745E-02
 Total mass (Msun)=   4.0090E-01
 (r/Rsun ,  Mass/Msun)
  0.0000E+00  0.0000E+00
  1.6036E-04  2.9286E-06
  3.1912E-04  2.3062E-05
  4.7629E-04  7.6580E-05
  6.3189E-04  1.7852E-04
  7.8593E-04  3.4275E-04
  9.3844E-04  5.8199E-04
  1.0894E-03  9.0775E-04
  1.2389E-03  1.3304E-03
  1.3869E-03  1.8592E-03
  1.5334E-03  2.5023E-03
  1.6784E-03  3.2666E-03
  1.8220E-03  4.1582E-03
  1.9641E-03  5.1820E-03
  2.1048E-03  6.3419E-03
  2.2441E-03  7.6410E-03
  2.3821E-03  9.0816E-03
  2.5186E-03  1.0665E-02
  2.6538E-03  1.2391E-02
  2.7876E-03  1.4261E-02
  2.9201E-03  1.6273E-02
  3.0512E-03  1.8426E-02
  3.1811E-03  2.0718E-02
  3.3096E-03  2.3146E-02
  3.4369E-03  2.5707E-02
  3.5629E-03  2.8399E-02
  3.6876E-03  3.1216E-02
  3.8111E-03  3.4155E-02
  3.9334E-03  3.7212E-02
  4.0544E-03  4.0382E-02
  4.1742E-03  4.3659E-02
  4.2928E-03  4.7040E-02
  4.4103E-03  5.0518E-02
  4.5265E-03  5.4088E-02
  4.6416E-03  5.7746E-02
  4.7556E-03  6.1485E-02
  4.8684E-03  6.5300E-02
  4.9801E-03  6.9186E-02
  5.0906E-03  7.3138E-02
  5.2001E-03  7.7149E-02
  5.3084E-03  8.1214E-02
  5.4157E-03  8.5329E-02
  5.5219E-03  8.9488E-02
  5.6271E-03  9.3686E-02
  5.7312E-03  9.7918E-02
  5.8342E-03  1.0218E-01
  5.9362E-03  1.0647E-01
  6.0372E-03  1.1077E-01
  6.1372E-03  1.1509E-01
  6.2362E-03  1.1943E-01
  6.3342E-03  1.2377E-01
  6.4312E-03  1.2811E-01
  6.5273E-03  1.3245E-01
  6.6224E-03  1.3679E-01
  6.7165E-03  1.4112E-01
  6.8097E-03  1.4544E-01
  6.9020E-03  1.4975E-01
  6.9933E-03  1.5403E-01
  7.0837E-03  1.5830E-01
  7.1733E-03  1.6255E-01
  7.2619E-03  1.6677E-01
  7.3496E-03  1.7096E-01
  7.4365E-03  1.7512E-01
  7.5225E-03  1.7925E-01
  7.6076E-03  1.8335E-01
  7.6919E-03  1.8740E-01
  7.7754E-03  1.9143E-01
  7.8580E-03  1.9541E-01
  7.9398E-03  1.9935E-01
  8.0207E-03  2.0325E-01
  8.1009E-03  2.0710E-01
  8.1802E-03  2.1091E-01
  8.2588E-03  2.1468E-01
  8.3366E-03  2.1840E-01
  8.4136E-03  2.2207E-01
  8.4898E-03  2.2569E-01
  8.5653E-03  2.2927E-01
  8.6400E-03  2.3279E-01
  8.7139E-03  2.3627E-01
  8.7872E-03  2.3969E-01
  8.8596E-03  2.4307E-01
  8.9314E-03  2.4639E-01
  9.0025E-03  2.4966E-01
  9.0728E-03  2.5288E-01
  9.1424E-03  2.5605E-01
  9.2114E-03  2.5917E-01
  9.2796E-03  2.6224E-01
  9.3472E-03  2.6525E-01
  9.4141E-03  2.6822E-01
  9.4803E-03  2.7113E-01
  9.5459E-03  2.7399E-01
  9.6108E-03  2.7681E-01
  9.6750E-03  2.7957E-01
  9.7386E-03  2.8228E-01
  9.8016E-03  2.8495E-01
  9.8639E-03  2.8756E-01
  9.9257E-03  2.9012E-01
  9.9868E-03  2.9264E-01
  1.0047E-02  2.9511E-01
  1.0107E-02  2.9753E-01
  1.0166E-02  2.9991E-01
  1.0225E-02  3.0224E-01
  1.0283E-02  3.0452E-01
  1.0341E-02  3.0676E-01
  1.0398E-02  3.0895E-01
  1.0454E-02  3.1110E-01
  1.0510E-02  3.1320E-01
  1.0565E-02  3.1527E-01
  1.0620E-02  3.1729E-01
  1.0674E-02  3.1927E-01
  1.0728E-02  3.2120E-01
  1.0781E-02  3.2310E-01
  1.0833E-02  3.2496E-01
  1.0885E-02  3.2677E-01
  1.0937E-02  3.2855E-01
  1.0988E-02  3.3029E-01
  1.1038E-02  3.3200E-01
  1.1088E-02  3.3366E-01
  1.1138E-02  3.3529E-01
  1.1187E-02  3.3689E-01
  1.1235E-02  3.3845E-01
  1.1283E-02  3.3997E-01
  1.1331E-02  3.4146E-01
  1.1378E-02  3.4292E-01
  1.1424E-02  3.4435E-01
  1.1471E-02  3.4574E-01
  1.1516E-02  3.4710E-01
  1.1561E-02  3.4844E-01
  1.1606E-02  3.4974E-01
  1.1650E-02  3.5101E-01
  1.1694E-02  3.5225E-01
  1.1738E-02  3.5347E-01
  1.1781E-02  3.5465E-01
  1.1823E-02  3.5581E-01
  1.1865E-02  3.5695E-01
  1.1907E-02  3.5805E-01
  1.1948E-02  3.5913E-01
  1.1989E-02  3.6019E-01
  1.2030E-02  3.6122E-01
  1.2070E-02  3.6222E-01
  1.2110E-02  3.6321E-01
  1.2149E-02  3.6417E-01
  1.2188E-02  3.6510E-01
  1.2226E-02  3.6602E-01
  1.2264E-02  3.6691E-01
  1.2302E-02  3.6778E-01
  1.2339E-02  3.6863E-01
  1.2376E-02  3.6946E-01
  1.2413E-02  3.7027E-01
  1.2449E-02  3.7106E-01
  1.2485E-02  3.7184E-01
  1.2520E-02  3.7259E-01
  1.2556E-02  3.7332E-01
  1.2590E-02  3.7404E-01
  1.2625E-02  3.7474E-01
  1.2659E-02  3.7542E-01
  1.2693E-02  3.7609E-01
  1.2726E-02  3.7674E-01
  1.2759E-02  3.7737E-01
  1.2792E-02  3.7799E-01
  1.2825E-02  3.7859E-01
  1.2857E-02  3.7918E-01
  1.2888E-02  3.7975E-01
  1.2920E-02  3.8031E-01
  1.2951E-02  3.8086E-01
  1.2982E-02  3.8139E-01
  1.3012E-02  3.8190E-01
  1.3043E-02  3.8241E-01
  1.3073E-02  3.8290E-01
  1.3102E-02  3.8338E-01
  1.3132E-02  3.8385E-01
  1.3161E-02  3.8431E-01
  1.3189E-02  3.8475E-01
  1.3218E-02  3.8519E-01
  1.3246E-02  3.8561E-01
  1.3274E-02  3.8602E-01
  1.3302E-02  3.8642E-01
  1.3329E-02  3.8681E-01
  1.3356E-02  3.8720E-01
  1.3383E-02  3.8757E-01
  1.3409E-02  3.8793E-01
  1.3436E-02  3.8828E-01
  1.3462E-02  3.8863E-01
  1.3487E-02  3.8896E-01
  1.3513E-02  3.8929E-01
  1.3538E-02  3.8961E-01
  1.3563E-02  3.8992E-01
  1.3588E-02  3.9022E-01
  1.3612E-02  3.9051E-01
  1.3637E-02  3.9080E-01
  1.3661E-02  3.9108E-01
  1.3684E-02  3.9135E-01
  1.3708E-02  3.9162E-01
  1.3731E-02  3.9187E-01
  1.3754E-02  3.9212E-01
  1.3777E-02  3.9237E-01
  1.3800E-02  3.9261E-01
  1.3822E-02  3.9284E-01
  1.3844E-02  3.9306E-01
  1.3866E-02  3.9328E-01
  1.3888E-02  3.9350E-01
  1.3909E-02  3.9371E-01
  1.3930E-02  3.9391E-01
  1.3952E-02  3.9411E-01
  1.3972E-02  3.9430E-01
  1.3993E-02  3.9449E-01
  1.4013E-02  3.9467E-01
  1.4034E-02  3.9485E-01
  1.4054E-02  3.9502E-01
  1.4074E-02  3.9519E-01
  1.4093E-02  3.9535E-01
  1.4113E-02  3.9551E-01
  1.4132E-02  3.9567E-01
  1.4151E-02  3.9582E-01
  1.4170E-02  3.9596E-01
  1.4188E-02  3.9611E-01
  1.4207E-02  3.9625E-01
  1.4225E-02  3.9638E-01
  1.4243E-02  3.9651E-01
  1.4261E-02  3.9664E-01
  1.4279E-02  3.9677E-01
  1.4297E-02  3.9689E-01
  1.4314E-02  3.9700E-01
  1.4331E-02  3.9712E-01
  1.4348E-02  3.9723E-01
  1.4365E-02  3.9734E-01
  1.4382E-02  3.9744E-01
  1.4398E-02  3.9755E-01
  1.4415E-02  3.9765E-01
  1.4431E-02  3.9774E-01
  1.4447E-02  3.9784E-01
  1.4463E-02  3.9793E-01
  1.4479E-02  3.9802E-01
  1.4494E-02  3.9811E-01
  1.4510E-02  3.9819E-01
  1.4525E-02  3.9827E-01
  1.4540E-02  3.9835E-01
  1.4555E-02  3.9843E-01
  1.4570E-02  3.9850E-01
  1.4584E-02  3.9858E-01
  1.4599E-02  3.9865E-01
  1.4613E-02  3.9872E-01
  1.4628E-02  3.9879E-01
  1.4642E-02  3.9885E-01
  1.4656E-02  3.9891E-01
  1.4669E-02  3.9898E-01
  1.4683E-02  3.9904E-01
  1.4697E-02  3.9909E-01
  1.4710E-02  3.9915E-01
  1.4723E-02  3.9921E-01
  1.4736E-02  3.9926E-01
  1.4749E-02  3.9931E-01
  1.4762E-02  3.9936E-01
  1.4775E-02  3.9941E-01
  1.4788E-02  3.9946E-01
  1.4800E-02  3.9950E-01
  1.4812E-02  3.9955E-01
  1.4825E-02  3.9959E-01
  1.4837E-02  3.9963E-01
  1.4849E-02  3.9967E-01
  1.4861E-02  3.9971E-01
  1.4872E-02  3.9975E-01
  1.4884E-02  3.9979E-01
  1.4896E-02  3.9983E-01
  1.4907E-02  3.9986E-01
  1.4918E-02  3.9990E-01
  1.4929E-02  3.9993E-01
  1.4941E-02  3.9996E-01
  1.4951E-02  3.9999E-01
  1.4962E-02  4.0002E-01
  1.4973E-02  4.0005E-01
  1.4984E-02  4.0008E-01
  1.4994E-02  4.0011E-01
  1.5005E-02  4.0014E-01
  1.5015E-02  4.0016E-01
  1.5025E-02  4.0019E-01
  1.5035E-02  4.0021E-01
  1.5045E-02  4.0024E-01
  1.5055E-02  4.0026E-01
  1.5065E-02  4.0028E-01
  1.5075E-02  4.0030E-01
  1.5084E-02  4.0032E-01
  1.5094E-02  4.0034E-01
  1.5103E-02  4.0036E-01
  1.5113E-02  4.0038E-01
  1.5122E-02  4.0040E-01
  1.5131E-02  4.0042E-01
  1.5140E-02  4.0044E-01
  1.5149E-02  4.0045E-01
  1.5158E-02  4.0047E-01
  1.5167E-02  4.0048E-01
  1.5175E-02  4.0050E-01
  1.5184E-02  4.0051E-01
  1.5192E-02  4.0053E-01
  1.5201E-02  4.0054E-01
  1.5209E-02  4.0056E-01
  1.5218E-02  4.0057E-01
  1.5226E-02  4.0058E-01
  1.5234E-02  4.0059E-01
  1.5242E-02  4.0061E-01
  1.5250E-02  4.0062E-01
  1.5258E-02  4.0063E-01
  1.5265E-02  4.0064E-01
  1.5273E-02  4.0065E-01
  1.5281E-02  4.0066E-01
  1.5288E-02  4.0067E-01
  1.5296E-02  4.0068E-01
  1.5303E-02  4.0069E-01
  1.5311E-02  4.0069E-01
  1.5318E-02  4.0070E-01
  1.5325E-02  4.0071E-01
  1.5332E-02  4.0072E-01
  1.5339E-02  4.0073E-01
  1.5346E-02  4.0073E-01
  1.5353E-02  4.0074E-01
  1.5360E-02  4.0075E-01
  1.5367E-02  4.0075E-01
  1.5373E-02  4.0076E-01
  1.5380E-02  4.0077E-01
  1.5387E-02  4.0077E-01
  1.5393E-02  4.0078E-01
  1.5399E-02  4.0078E-01
  1.5406E-02  4.0079E-01
  1.5412E-02  4.0079E-01
  1.5418E-02  4.0080E-01
  1.5425E-02  4.0080E-01
  1.5431E-02  4.0081E-01
  1.5437E-02  4.0081E-01
  1.5443E-02  4.0081E-01
  1.5449E-02  4.0082E-01
  1.5455E-02  4.0082E-01
  1.5460E-02  4.0083E-01
  1.5466E-02  4.0083E-01
  1.5472E-02  4.0083E-01
  1.5477E-02  4.0084E-01
  1.5483E-02  4.0084E-01
  1.5489E-02  4.0084E-01
  1.5494E-02  4.0084E-01
  1.5499E-02  4.0085E-01
  1.5505E-02  4.0085E-01
  1.5510E-02  4.0085E-01
  1.5515E-02  4.0085E-01
  1.5521E-02  4.0086E-01
  1.5526E-02  4.0086E-01
  1.5531E-02  4.0086E-01
  1.5536E-02  4.0086E-01
  1.5541E-02  4.0087E-01
  1.5546E-02  4.0087E-01
  1.5551E-02  4.0087E-01
  1.5556E-02  4.0087E-01
  1.5560E-02  4.0087E-01
  1.5565E-02  4.0087E-01
  1.5570E-02  4.0087E-01
  1.5575E-02  4.0088E-01
  1.5579E-02  4.0088E-01
  1.5584E-02  4.0088E-01
  1.5588E-02  4.0088E-01
  1.5593E-02  4.0088E-01
  1.5597E-02  4.0088E-01
  1.5602E-02  4.0088E-01
  1.5606E-02  4.0088E-01
  1.5610E-02  4.0088E-01
  1.5614E-02  4.0089E-01
  1.5619E-02  4.0089E-01
  1.5623E-02  4.0089E-01
  1.5627E-02  4.0089E-01
  1.5631E-02  4.0089E-01
  1.5635E-02  4.0089E-01
  1.5639E-02  4.0089E-01
  1.5643E-02  4.0089E-01
  1.5647E-02  4.0089E-01
  1.5651E-02  4.0089E-01
  1.5655E-02  4.0089E-01
  1.5659E-02  4.0089E-01
  1.5662E-02  4.0089E-01
  1.5666E-02  4.0089E-01
  1.5670E-02  4.0089E-01
  1.5674E-02  4.0089E-01
  1.5677E-02  4.0089E-01
  1.5681E-02  4.0089E-01
  1.5684E-02  4.0089E-01
  1.5688E-02  4.0089E-01
  1.5691E-02  4.0089E-01
  1.5695E-02  4.0089E-01
  1.5698E-02  4.0090E-01
  1.5702E-02  4.0090E-01
  1.5705E-02  4.0090E-01
  1.5708E-02  4.0090E-01
  1.5711E-02  4.0090E-01
  1.5715E-02  4.0090E-01
  1.5718E-02  4.0090E-01
  1.5721E-02  4.0090E-01
  1.5724E-02  4.0090E-01
  1.5727E-02  4.0090E-01
  1.5730E-02  4.0090E-01
  1.5734E-02  4.0090E-01
  1.5737E-02  4.0090E-01
  1.5740E-02  4.0090E-01
  1.5743E-02  4.0090E-01
  1.5745E-02  4.0090E-01
